[INFO ] 2021-01-21 19:41:03:124 [main] com.deri.demo.DemoApplication - Starting DemoApplication using Java 1.8.0_91 on DESKTOP-A8MC8RH with PID 7372 (D:\demo\target\classes started by wuzhiyong in D:\demo)
[INFO ] 2021-01-21 19:41:03:126 [main] com.deri.demo.DemoApplication - No active profile set, falling back to default profiles: default
[INFO ] 2021-01-21 19:41:03:708 [main] o.s.b.w.e.tomcat.TomcatWebServer - Tomcat initialized with port(s): 18080 (http)
[INFO ] 2021-01-21 19:41:03:714 [main] o.a.coyote.http11.Http11NioProtocol - Initializing ProtocolHandler ["http-nio-18080"]
[INFO ] 2021-01-21 19:41:03:715 [main] o.a.catalina.core.StandardService - Starting service [Tomcat]
[INFO ] 2021-01-21 19:41:03:715 [main] o.a.catalina.core.StandardEngine - Starting Servlet engine: [Apache Tomcat/9.0.41]
[INFO ] 2021-01-21 19:41:03:776 [main] o.a.c.c.C.[Tomcat].[localhost].[/] - Initializing Spring embedded WebApplicationContext
[INFO ] 2021-01-21 19:41:03:776 [main] o.s.b.w.s.c.ServletWebServerApplicationContext - Root WebApplicationContext: initialization completed in 625 ms
[INFO ] 2021-01-21 19:41:03:986 [main] o.s.s.c.ThreadPoolTaskExecutor - Initializing ExecutorService 'applicationTaskExecutor'
[INFO ] 2021-01-21 19:41:04:107 [main] o.a.coyote.http11.Http11NioProtocol - Starting ProtocolHandler ["http-nio-18080"]
[INFO ] 2021-01-21 19:41:04:117 [main] o.s.b.w.e.tomcat.TomcatWebServer - Tomcat started on port(s): 18080 (http) with context path ''
[INFO ] 2021-01-21 19:41:04:124 [main] com.deri.demo.DemoApplication - Started DemoApplication in 1.222 seconds (JVM running for 1.802)
[INFO ] 2021-01-21 19:41:04:125 [main] com.deri.demo.DemoApplication - start.....
[INFO ] 2021-01-21 19:42:06:589 [main] o.s.b.t.c.SpringBootTestContextBootstrapper - Neither @ContextConfiguration nor @ContextHierarchy found for test class [com.deri.demo.DemoApplicationTests], using SpringBootContextLoader
[INFO ] 2021-01-21 19:42:06:594 [main] o.s.t.c.s.AbstractContextLoader - Could not detect default resource locations for test class [com.deri.demo.DemoApplicationTests]: no resource found for suffixes {-context.xml, Context.groovy}.
[INFO ] 2021-01-21 19:42:06:594 [main] o.s.t.c.s.AnnotationConfigContextLoaderUtils - Could not detect default configuration classes for test class [com.deri.demo.DemoApplicationTests]: DemoApplicationTests does not declare any static, non-private, non-final, nested classes annotated with @Configuration.
[INFO ] 2021-01-21 19:42:06:672 [main] o.s.b.t.c.SpringBootTestContextBootstrapper - Found @SpringBootConfiguration com.deri.demo.DemoApplication for test class com.deri.demo.DemoApplicationTests
[INFO ] 2021-01-21 19:42:06:751 [main] o.s.b.t.c.SpringBootTestContextBootstrapper - Loaded default TestExecutionListener class names from location [META-INF/spring.factories]: [org.springframework.boot.test.mock.mockito.MockitoTestExecutionListener, org.springframework.boot.test.mock.mockito.ResetMocksTestExecutionListener, org.springframework.boot.test.autoconfigure.restdocs.RestDocsTestExecutionListener, org.springframework.boot.test.autoconfigure.web.client.MockRestServiceServerResetTestExecutionListener, org.springframework.boot.test.autoconfigure.web.servlet.MockMvcPrintOnlyOnFailureTestExecutionListener, org.springframework.boot.test.autoconfigure.web.servlet.WebDriverTestExecutionListener, org.springframework.boot.test.autoconfigure.webservices.client.MockWebServiceServerTestExecutionListener, org.springframework.test.context.web.ServletTestExecutionListener, org.springframework.test.context.support.DirtiesContextBeforeModesTestExecutionListener, org.springframework.test.context.event.ApplicationEventsTestExecutionListener, org.springframework.test.context.support.DependencyInjectionTestExecutionListener, org.springframework.test.context.support.DirtiesContextTestExecutionListener, org.springframework.test.context.transaction.TransactionalTestExecutionListener, org.springframework.test.context.jdbc.SqlScriptsTestExecutionListener, org.springframework.test.context.event.EventPublishingTestExecutionListener]
[INFO ] 2021-01-21 19:42:06:764 [main] o.s.b.t.c.SpringBootTestContextBootstrapper - Using TestExecutionListeners: [org.springframework.test.context.web.ServletTestExecutionListener@928763c, org.springframework.test.context.support.DirtiesContextBeforeModesTestExecutionListener@e25951c, org.springframework.test.context.event.ApplicationEventsTestExecutionListener@15f47664, org.springframework.boot.test.mock.mockito.MockitoTestExecutionListener@471a9022, org.springframework.boot.test.autoconfigure.SpringBootDependencyInjectionTestExecutionListener@dc9876b, org.springframework.test.context.support.DirtiesContextTestExecutionListener@2f666ebb, org.springframework.test.context.transaction.TransactionalTestExecutionListener@19976a65, org.springframework.test.context.jdbc.SqlScriptsTestExecutionListener@a1f72f5, org.springframework.test.context.event.EventPublishingTestExecutionListener@4b2c5e02, org.springframework.boot.test.mock.mockito.ResetMocksTestExecutionListener@57a3e26a, org.springframework.boot.test.autoconfigure.restdocs.RestDocsTestExecutionListener@75c56eb9, org.springframework.boot.test.autoconfigure.web.client.MockRestServiceServerResetTestExecutionListener@4bc222e, org.springframework.boot.test.autoconfigure.web.servlet.MockMvcPrintOnlyOnFailureTestExecutionListener@2dc9b0f5, org.springframework.boot.test.autoconfigure.web.servlet.WebDriverTestExecutionListener@6531a794, org.springframework.boot.test.autoconfigure.webservices.client.MockWebServiceServerTestExecutionListener@3b5fad2d]
[INFO ] 2021-01-21 19:42:06:987 [main] com.deri.demo.DemoApplicationTests - Starting DemoApplicationTests using Java 1.8.0_91 on DESKTOP-A8MC8RH with PID 18420 (started by wuzhiyong in D:\demo)
[INFO ] 2021-01-21 19:42:06:988 [main] com.deri.demo.DemoApplicationTests - No active profile set, falling back to default profiles: default
[INFO ] 2021-01-21 19:42:07:885 [main] o.s.s.c.ThreadPoolTaskExecutor - Initializing ExecutorService 'applicationTaskExecutor'
[INFO ] 2021-01-21 19:42:08:192 [main] com.deri.demo.DemoApplicationTests - Started DemoApplicationTests in 1.404 seconds (JVM running for 2.095)
[INFO ] 2021-01-21 19:42:08:329 [SpringContextShutdownHook] o.s.s.c.ThreadPoolTaskExecutor - Shutting down ExecutorService 'applicationTaskExecutor'
